Exporter version: 2.80.1, Blender version: 2.90.1
========= Conversion from Blender to Babylon.js =========
	Scene settings used :
		Inline textures     :  false
		Material Type       :  PBR
		Positions Precision :  4
		Normals Precision   :  3
		UVs Precision       :  3
		Vert Color Precision:  3
		Mat Weight Precision:  2
		Keep Z-up r-handed  :  no
		Texture directory   :  D:\Documents\blender files\default assets\box\
	Python World class constructor completed
	WARNING: No active camera has been assigned, or is not in a currently selected Blender layer
	processing begun of mesh:  Cube.003
		processing begun of material:  default grey
		processing begun of material:  default grey light
		processing begun of multimaterial:  default_floor.Multimaterial#0
		num positions      :  1175
		num normals        :  1175
		num tangents       :  0
		num uvs            :  2350
		num uvs2           :  0
		num colors         :  0
		num triangles      :  496
		WARNING: # of 0 area faces found:  76
	processing begun of light (DIRECTIONAL):  Sun
	processing begun of light (DIRECTIONAL):  Sun.001
========= Writing of JSON file started =========
	writing mesh:  Cube.003
========= Writing of JSON file completed =========
========= end of processing =========
elapsed time:  0 min, 0.089 secs
