Exporter version: 2.80.1, Blender version: 2.90.1
========= Conversion from Blender to Babylon.js =========
	Scene settings used :
		Inline textures     :  false
		Material Type       :  PBR
		Positions Precision :  4
		Normals Precision   :  3
		UVs Precision       :  3
		Vert Color Precision:  3
		Mat Weight Precision:  2
		Keep Z-up r-handed  :  no
		Texture directory   :  D:\Documents\blender files\default assets\floor\
	Python World class constructor completed
	WARNING: No active camera has been assigned, or is not in a currently selected Blender layer
	processing begun of mesh:  Plane
		processing begun of material:  Checker dark
		processing begun of material:  Checker light
		processing begun of multimaterial:  default_floor.Multimaterial#0
		num positions      :  2492
		num normals        :  2492
		num tangents       :  0
		num uvs            :  4984
		num uvs2           :  0
		num colors         :  0
		num triangles      :  1932
	processing begun of light (DIRECTIONAL):  Sun
	processing begun of light (DIRECTIONAL):  Sun.001
========= Writing of JSON file started =========
	writing mesh:  Plane
========= Writing of JSON file completed =========
========= end of processing =========
elapsed time:  0 min, 0.198 secs
