Exporter version: 2.80.1, Blender version: 2.90.1
========= Conversion from Blender to Babylon.js =========
	Scene settings used :
		Inline textures     :  false
		Material Type       :  PBR
		Positions Precision :  4
		Normals Precision   :  3
		UVs Precision       :  3
		Vert Color Precision:  3
		Mat Weight Precision:  2
		Keep Z-up r-handed  :  no
		Texture directory   :  D:\Documents\blender files\test\
			processing texture aristea_wreck_4k
	Python World class constructor completed
	WARNING: The following camera not visible in scene thus ignored: Camera
	WARNING: The following camera not visible in scene thus ignored: Camera.001
	processing begun of mesh:  Cube
		processing begun of material:  Wood dark
		num positions      :  563
		num normals        :  563
		num tangents       :  0
		num uvs            :  1126
		num uvs2           :  0
		num colors         :  0
		num triangles      :  188
	processing begun of mesh:  Cube.001
		processing begun of material:  Wood dark 02
		num positions      :  371
		num normals        :  371
		num tangents       :  0
		num uvs            :  742
		num uvs2           :  0
		num colors         :  0
		num triangles      :  124
	processing begun of mesh:  Cube.003
		processing begun of material:  Wood light
		num positions      :  372
		num normals        :  372
		num tangents       :  0
		num uvs            :  744
		num uvs2           :  0
		num colors         :  0
		num triangles      :  124
	processing begun of mesh:  Cube.004
		processing begun of material:  Wood light
		registered as also a user of material:  Wood light
		num positions      :  372
		num normals        :  372
		num tangents       :  0
		num uvs            :  744
		num uvs2           :  0
		num colors         :  0
		num triangles      :  124
	processing begun of mesh:  Cube.005
		processing begun of material:  Wood light
		registered as also a user of material:  Wood light
		num positions      :  563
		num normals        :  563
		num tangents       :  0
		num uvs            :  1126
		num uvs2           :  0
		num colors         :  0
		num triangles      :  188
	processing begun of mesh:  Cube.002
		processing begun of material:  Wood light
		registered as also a user of material:  Wood light
		num positions      :  372
		num normals        :  372
		num tangents       :  0
		num uvs            :  744
		num uvs2           :  0
		num colors         :  0
		num triangles      :  124
	processing begun of mesh:  Cube.006
		processing begun of material:  Wood light
		registered as also a user of material:  Wood light
		num positions      :  372
		num normals        :  372
		num tangents       :  0
		num uvs            :  744
		num uvs2           :  0
		num colors         :  0
		num triangles      :  124
	processing begun of mesh:  Cube.007
		processing begun of material:  Wood light 02
		num positions      :  372
		num normals        :  372
		num tangents       :  0
		num uvs            :  744
		num uvs2           :  0
		num colors         :  0
		num triangles      :  124
	processing begun of mesh:  Cube.008
		processing begun of material:  Wood dark 02
		registered as also a user of material:  Wood dark 02
		num positions      :  564
		num normals        :  564
		num tangents       :  0
		num uvs            :  1128
		num uvs2           :  0
		num colors         :  0
		num triangles      :  188
	processing begun of mesh:  Cube.009
		processing begun of material:  Wood light
		registered as also a user of material:  Wood light
		num positions      :  372
		num normals        :  372
		num tangents       :  0
		num uvs            :  744
		num uvs2           :  0
		num colors         :  0
		num triangles      :  124
	processing begun of mesh:  Cube.010
		processing begun of material:  Wood light 02
		registered as also a user of material:  Wood light 02
		num positions      :  372
		num normals        :  372
		num tangents       :  0
		num uvs            :  744
		num uvs2           :  0
		num colors         :  0
		num triangles      :  124
	processing begun of mesh:  Cube.011
		processing begun of material:  Wood light
		registered as also a user of material:  Wood light
		num positions      :  372
		num normals        :  372
		num tangents       :  0
		num uvs            :  744
		num uvs2           :  0
		num colors         :  0
		num triangles      :  124
	processing begun of mesh:  Cube.012
		processing begun of material:  Wood light 02
		registered as also a user of material:  Wood light 02
		num positions      :  563
		num normals        :  563
		num tangents       :  0
		num uvs            :  1126
		num uvs2           :  0
		num colors         :  0
		num triangles      :  188
	processing begun of mesh:  Cube.013
		processing begun of material:  Wood light
		registered as also a user of material:  Wood light
		num positions      :  372
		num normals        :  372
		num tangents       :  0
		num uvs            :  744
		num uvs2           :  0
		num colors         :  0
		num triangles      :  124
	processing begun of mesh:  Cube.014
		processing begun of material:  Wood dark
		registered as also a user of material:  Wood dark
		num positions      :  372
		num normals        :  372
		num tangents       :  0
		num uvs            :  744
		num uvs2           :  0
		num colors         :  0
		num triangles      :  124
	processing begun of mesh:  Cube.015
		processing begun of material:  Wood light
		registered as also a user of material:  Wood light
		num positions      :  372
		num normals        :  372
		num tangents       :  0
		num uvs            :  744
		num uvs2           :  0
		num colors         :  0
		num triangles      :  124
	processing begun of mesh:  Cube.016
		processing begun of material:  Wood dark.001
		num positions      :  313
		num normals        :  313
		num tangents       :  0
		num uvs            :  626
		num uvs2           :  0
		num colors         :  0
		num triangles      :  108
	processing begun of mesh:  Cube.017
		processing begun of material:  Wood dark 02
		registered as also a user of material:  Wood dark 02
		num positions      :  313
		num normals        :  313
		num tangents       :  0
		num uvs            :  626
		num uvs2           :  0
		num colors         :  0
		num triangles      :  108
	processing begun of mesh:  Cube.018
		processing begun of material:  Wood dark.001
		registered as also a user of material:  Wood dark.001
		num positions      :  313
		num normals        :  313
		num tangents       :  0
		num uvs            :  626
		num uvs2           :  0
		num colors         :  0
		num triangles      :  108
	processing begun of mesh:  Cube.019
		processing begun of material:  Wood dark.001
		registered as also a user of material:  Wood dark.001
		num positions      :  313
		num normals        :  313
		num tangents       :  0
		num uvs            :  626
		num uvs2           :  0
		num colors         :  0
		num triangles      :  108
	processing begun of mesh:  Cylinder.001
		processing begun of material:  Wood dark 02
		registered as also a user of material:  Wood dark 02
		num positions      :  284
		num normals        :  284
		num tangents       :  0
		num uvs            :  568
		num uvs2           :  0
		num colors         :  0
		num triangles      :  98
	processing begun of mesh:  Cylinder.002
		processing begun of material:  Wood dark 03
		num positions      :  284
		num normals        :  284
		num tangents       :  0
		num uvs            :  568
		num uvs2           :  0
		num colors         :  0
		num triangles      :  98
	processing begun of mesh:  Cube.021
		processing begun of material:  Wood dark 02
		registered as also a user of material:  Wood dark 02
		num positions      :  563
		num normals        :  563
		num tangents       :  0
		num uvs            :  1126
		num uvs2           :  0
		num colors         :  0
		num triangles      :  188
	processing begun of mesh:  Cube.022
		processing begun of material:  Wood dark
		registered as also a user of material:  Wood dark
		num positions      :  371
		num normals        :  371
		num tangents       :  0
		num uvs            :  742
		num uvs2           :  0
		num colors         :  0
		num triangles      :  124
	processing begun of mesh:  Cube.023
		processing begun of material:  Wood dark
		registered as also a user of material:  Wood dark
		num positions      :  372
		num normals        :  372
		num tangents       :  0
		num uvs            :  744
		num uvs2           :  0
		num colors         :  0
		num triangles      :  124
	processing begun of mesh:  Cube.024
		processing begun of material:  Wood light
		registered as also a user of material:  Wood light
		num positions      :  372
		num normals        :  372
		num tangents       :  0
		num uvs            :  744
		num uvs2           :  0
		num colors         :  0
		num triangles      :  124
	processing begun of mesh:  Cube.025
		processing begun of material:  Wood light 02
		registered as also a user of material:  Wood light 02
		num positions      :  563
		num normals        :  563
		num tangents       :  0
		num uvs            :  1126
		num uvs2           :  0
		num colors         :  0
		num triangles      :  188
	processing begun of mesh:  Cube.026
		processing begun of material:  Wood light
		registered as also a user of material:  Wood light
		num positions      :  372
		num normals        :  372
		num tangents       :  0
		num uvs            :  744
		num uvs2           :  0
		num colors         :  0
		num triangles      :  124
	processing begun of mesh:  Cube.027
		processing begun of material:  Wood light
		registered as also a user of material:  Wood light
		num positions      :  372
		num normals        :  372
		num tangents       :  0
		num uvs            :  744
		num uvs2           :  0
		num colors         :  0
		num triangles      :  124
	processing begun of mesh:  Cube.028
		processing begun of material:  Wood light
		registered as also a user of material:  Wood light
		num positions      :  372
		num normals        :  372
		num tangents       :  0
		num uvs            :  744
		num uvs2           :  0
		num colors         :  0
		num triangles      :  124
	processing begun of mesh:  Cube.029
		processing begun of material:  Wood light
		registered as also a user of material:  Wood light
		num positions      :  564
		num normals        :  564
		num tangents       :  0
		num uvs            :  1128
		num uvs2           :  0
		num colors         :  0
		num triangles      :  188
	processing begun of mesh:  Cube.030
		processing begun of material:  Wood light
		registered as also a user of material:  Wood light
		num positions      :  372
		num normals        :  372
		num tangents       :  0
		num uvs            :  744
		num uvs2           :  0
		num colors         :  0
		num triangles      :  124
	processing begun of mesh:  Cube.031
		processing begun of material:  Wood light 02
		registered as also a user of material:  Wood light 02
		num positions      :  372
		num normals        :  372
		num tangents       :  0
		num uvs            :  744
		num uvs2           :  0
		num colors         :  0
		num triangles      :  124
	processing begun of mesh:  Cube.032
		processing begun of material:  Wood dark
		registered as also a user of material:  Wood dark
		num positions      :  372
		num normals        :  372
		num tangents       :  0
		num uvs            :  744
		num uvs2           :  0
		num colors         :  0
		num triangles      :  124
	processing begun of mesh:  Cube.033
		processing begun of material:  Wood light
		registered as also a user of material:  Wood light
		num positions      :  563
		num normals        :  563
		num tangents       :  0
		num uvs            :  1126
		num uvs2           :  0
		num colors         :  0
		num triangles      :  188
	processing begun of mesh:  Cube.034
		processing begun of material:  Wood dark 02
		registered as also a user of material:  Wood dark 02
		num positions      :  372
		num normals        :  372
		num tangents       :  0
		num uvs            :  744
		num uvs2           :  0
		num colors         :  0
		num triangles      :  124
	processing begun of mesh:  Cube.035
		processing begun of material:  Wood light 02
		registered as also a user of material:  Wood light 02
		num positions      :  372
		num normals        :  372
		num tangents       :  0
		num uvs            :  744
		num uvs2           :  0
		num colors         :  0
		num triangles      :  124
	processing begun of mesh:  Cube.036
		processing begun of material:  Wood light
		registered as also a user of material:  Wood light
		num positions      :  372
		num normals        :  372
		num tangents       :  0
		num uvs            :  744
		num uvs2           :  0
		num colors         :  0
		num triangles      :  124
	processing begun of mesh:  Cube.037
		processing begun of material:  Wood dark.001
		registered as also a user of material:  Wood dark.001
		num positions      :  313
		num normals        :  313
		num tangents       :  0
		num uvs            :  626
		num uvs2           :  0
		num colors         :  0
		num triangles      :  108
	processing begun of mesh:  Cube.038
		processing begun of material:  Wood light
		registered as also a user of material:  Wood light
		num positions      :  313
		num normals        :  313
		num tangents       :  0
		num uvs            :  626
		num uvs2           :  0
		num colors         :  0
		num triangles      :  108
	processing begun of mesh:  Cube.039
		processing begun of material:  Wood dark.001
		registered as also a user of material:  Wood dark.001
		num positions      :  313
		num normals        :  313
		num tangents       :  0
		num uvs            :  626
		num uvs2           :  0
		num colors         :  0
		num triangles      :  108
	processing begun of mesh:  Cube.040
		processing begun of material:  Wood dark 02
		registered as also a user of material:  Wood dark 02
		num positions      :  313
		num normals        :  313
		num tangents       :  0
		num uvs            :  626
		num uvs2           :  0
		num colors         :  0
		num triangles      :  108
	processing begun of mesh:  Cylinder.003
		processing begun of material:  Wood dark 02
		registered as also a user of material:  Wood dark 02
		num positions      :  284
		num normals        :  284
		num tangents       :  0
		num uvs            :  568
		num uvs2           :  0
		num colors         :  0
		num triangles      :  98
	processing begun of mesh:  Cube.041
		processing begun of material:  Wood dark
		registered as also a user of material:  Wood dark
		num positions      :  563
		num normals        :  563
		num tangents       :  0
		num uvs            :  1126
		num uvs2           :  0
		num colors         :  0
		num triangles      :  188
	processing begun of mesh:  Cube.042
		processing begun of material:  Wood light 02
		registered as also a user of material:  Wood light 02
		num positions      :  371
		num normals        :  371
		num tangents       :  0
		num uvs            :  742
		num uvs2           :  0
		num colors         :  0
		num triangles      :  124
	processing begun of mesh:  Cube.043
		processing begun of material:  Wood light
		registered as also a user of material:  Wood light
		num positions      :  372
		num normals        :  372
		num tangents       :  0
		num uvs            :  744
		num uvs2           :  0
		num colors         :  0
		num triangles      :  124
	processing begun of mesh:  Cube.044
		processing begun of material:  Wood light
		registered as also a user of material:  Wood light
		num positions      :  372
		num normals        :  372
		num tangents       :  0
		num uvs            :  744
		num uvs2           :  0
		num colors         :  0
		num triangles      :  124
	processing begun of mesh:  Cube.045
		processing begun of material:  Wood light
		registered as also a user of material:  Wood light
		num positions      :  563
		num normals        :  563
		num tangents       :  0
		num uvs            :  1126
		num uvs2           :  0
		num colors         :  0
		num triangles      :  188
	processing begun of mesh:  Cube.046
		processing begun of material:  Wood light
		registered as also a user of material:  Wood light
		num positions      :  372
		num normals        :  372
		num tangents       :  0
		num uvs            :  744
		num uvs2           :  0
		num colors         :  0
		num triangles      :  124
	processing begun of mesh:  Cube.047
		processing begun of material:  Wood light
		registered as also a user of material:  Wood light
		num positions      :  372
		num normals        :  372
		num tangents       :  0
		num uvs            :  744
		num uvs2           :  0
		num colors         :  0
		num triangles      :  124
	processing begun of mesh:  Cube.048
		processing begun of material:  Wood light 02
		registered as also a user of material:  Wood light 02
		num positions      :  372
		num normals        :  372
		num tangents       :  0
		num uvs            :  744
		num uvs2           :  0
		num colors         :  0
		num triangles      :  124
	processing begun of mesh:  Cube.049
		processing begun of material:  Wood dark 02
		registered as also a user of material:  Wood dark 02
		num positions      :  564
		num normals        :  564
		num tangents       :  0
		num uvs            :  1128
		num uvs2           :  0
		num colors         :  0
		num triangles      :  188
	processing begun of mesh:  Cube.050
		processing begun of material:  Wood light
		registered as also a user of material:  Wood light
		num positions      :  372
		num normals        :  372
		num tangents       :  0
		num uvs            :  744
		num uvs2           :  0
		num colors         :  0
		num triangles      :  124
	processing begun of mesh:  Cube.051
		processing begun of material:  Wood light 02
		registered as also a user of material:  Wood light 02
		num positions      :  372
		num normals        :  372
		num tangents       :  0
		num uvs            :  744
		num uvs2           :  0
		num colors         :  0
		num triangles      :  124
	processing begun of mesh:  Cube.052
		processing begun of material:  Wood dark
		registered as also a user of material:  Wood dark
		num positions      :  372
		num normals        :  372
		num tangents       :  0
		num uvs            :  744
		num uvs2           :  0
		num colors         :  0
		num triangles      :  124
	processing begun of mesh:  Cube.053
		processing begun of material:  Wood dark
		registered as also a user of material:  Wood dark
		num positions      :  563
		num normals        :  563
		num tangents       :  0
		num uvs            :  1126
		num uvs2           :  0
		num colors         :  0
		num triangles      :  188
	processing begun of mesh:  Cube.054
		processing begun of material:  Wood light
		registered as also a user of material:  Wood light
		num positions      :  372
		num normals        :  372
		num tangents       :  0
		num uvs            :  744
		num uvs2           :  0
		num colors         :  0
		num triangles      :  124
	processing begun of mesh:  Cube.055
		processing begun of material:  Wood dark 02
		registered as also a user of material:  Wood dark 02
		num positions      :  372
		num normals        :  372
		num tangents       :  0
		num uvs            :  744
		num uvs2           :  0
		num colors         :  0
		num triangles      :  124
	processing begun of mesh:  Cube.056
		processing begun of material:  Wood light
		registered as also a user of material:  Wood light
		num positions      :  372
		num normals        :  372
		num tangents       :  0
		num uvs            :  744
		num uvs2           :  0
		num colors         :  0
		num triangles      :  124
	processing begun of mesh:  Cube.057
		processing begun of material:  Wood dark.001
		registered as also a user of material:  Wood dark.001
		num positions      :  313
		num normals        :  313
		num tangents       :  0
		num uvs            :  626
		num uvs2           :  0
		num colors         :  0
		num triangles      :  108
	processing begun of mesh:  Cube.058
		processing begun of material:  Wood dark 02
		registered as also a user of material:  Wood dark 02
		num positions      :  313
		num normals        :  313
		num tangents       :  0
		num uvs            :  626
		num uvs2           :  0
		num colors         :  0
		num triangles      :  108
	processing begun of mesh:  Cube.059
		processing begun of material:  Wood light 02
		registered as also a user of material:  Wood light 02
		num positions      :  313
		num normals        :  313
		num tangents       :  0
		num uvs            :  626
		num uvs2           :  0
		num colors         :  0
		num triangles      :  108
	processing begun of mesh:  Cube.060
		processing begun of material:  Wood dark 02
		registered as also a user of material:  Wood dark 02
		num positions      :  313
		num normals        :  313
		num tangents       :  0
		num uvs            :  626
		num uvs2           :  0
		num colors         :  0
		num triangles      :  108
	processing begun of mesh:  Cylinder.006
		processing begun of material:  Wood dark 02
		registered as also a user of material:  Wood dark 02
		num positions      :  284
		num normals        :  284
		num tangents       :  0
		num uvs            :  568
		num uvs2           :  0
		num colors         :  0
		num triangles      :  98
	processing begun of mesh:  Cube.061
		processing begun of material:  Wood light
		registered as also a user of material:  Wood light
		num positions      :  563
		num normals        :  563
		num tangents       :  0
		num uvs            :  1126
		num uvs2           :  0
		num colors         :  0
		num triangles      :  188
	processing begun of mesh:  Cube.062
		processing begun of material:  Wood light 02
		registered as also a user of material:  Wood light 02
		num positions      :  371
		num normals        :  371
		num tangents       :  0
		num uvs            :  742
		num uvs2           :  0
		num colors         :  0
		num triangles      :  124
	processing begun of mesh:  Cube.063
		processing begun of material:  Wood light
		registered as also a user of material:  Wood light
		num positions      :  372
		num normals        :  372
		num tangents       :  0
		num uvs            :  744
		num uvs2           :  0
		num colors         :  0
		num triangles      :  124
	processing begun of mesh:  Cube.064
		processing begun of material:  Wood dark 02
		registered as also a user of material:  Wood dark 02
		num positions      :  372
		num normals        :  372
		num tangents       :  0
		num uvs            :  744
		num uvs2           :  0
		num colors         :  0
		num triangles      :  124
	processing begun of mesh:  Cube.065
		processing begun of material:  Wood dark 02
		registered as also a user of material:  Wood dark 02
		num positions      :  563
		num normals        :  563
		num tangents       :  0
		num uvs            :  1126
		num uvs2           :  0
		num colors         :  0
		num triangles      :  188
	processing begun of mesh:  Cube.066
		processing begun of material:  Wood light
		registered as also a user of material:  Wood light
		num positions      :  372
		num normals        :  372
		num tangents       :  0
		num uvs            :  744
		num uvs2           :  0
		num colors         :  0
		num triangles      :  124
	processing begun of mesh:  Cube.067
		processing begun of material:  Wood light
		registered as also a user of material:  Wood light
		num positions      :  372
		num normals        :  372
		num tangents       :  0
		num uvs            :  744
		num uvs2           :  0
		num colors         :  0
		num triangles      :  124
	processing begun of mesh:  Cube.068
		processing begun of material:  Wood dark
		registered as also a user of material:  Wood dark
		num positions      :  372
		num normals        :  372
		num tangents       :  0
		num uvs            :  744
		num uvs2           :  0
		num colors         :  0
		num triangles      :  124
	processing begun of mesh:  Cube.069
		processing begun of material:  Wood light
		registered as also a user of material:  Wood light
		num positions      :  564
		num normals        :  564
		num tangents       :  0
		num uvs            :  1128
		num uvs2           :  0
		num colors         :  0
		num triangles      :  188
	processing begun of mesh:  Cube.070
		processing begun of material:  Wood dark 02
		registered as also a user of material:  Wood dark 02
		num positions      :  372
		num normals        :  372
		num tangents       :  0
		num uvs            :  744
		num uvs2           :  0
		num colors         :  0
		num triangles      :  124
	processing begun of mesh:  Cube.071
		processing begun of material:  Wood dark
		registered as also a user of material:  Wood dark
		num positions      :  372
		num normals        :  372
		num tangents       :  0
		num uvs            :  744
		num uvs2           :  0
		num colors         :  0
		num triangles      :  124
	processing begun of mesh:  Cube.072
		processing begun of material:  Wood light
		registered as also a user of material:  Wood light
		num positions      :  372
		num normals        :  372
		num tangents       :  0
		num uvs            :  744
		num uvs2           :  0
		num colors         :  0
		num triangles      :  124
	processing begun of mesh:  Cube.073
		processing begun of material:  Wood light 02
		registered as also a user of material:  Wood light 02
		num positions      :  563
		num normals        :  563
		num tangents       :  0
		num uvs            :  1126
		num uvs2           :  0
		num colors         :  0
		num triangles      :  188
	processing begun of mesh:  Cube.074
		processing begun of material:  Wood light
		registered as also a user of material:  Wood light
		num positions      :  372
		num normals        :  372
		num tangents       :  0
		num uvs            :  744
		num uvs2           :  0
		num colors         :  0
		num triangles      :  124
	processing begun of mesh:  Cube.075
		processing begun of material:  Wood dark
		registered as also a user of material:  Wood dark
		num positions      :  372
		num normals        :  372
		num tangents       :  0
		num uvs            :  744
		num uvs2           :  0
		num colors         :  0
		num triangles      :  124
	processing begun of mesh:  Cube.076
		processing begun of material:  Wood light
		registered as also a user of material:  Wood light
		num positions      :  372
		num normals        :  372
		num tangents       :  0
		num uvs            :  744
		num uvs2           :  0
		num colors         :  0
		num triangles      :  124
	processing begun of mesh:  Cube.077
		processing begun of material:  Wood dark.001
		registered as also a user of material:  Wood dark.001
		num positions      :  313
		num normals        :  313
		num tangents       :  0
		num uvs            :  626
		num uvs2           :  0
		num colors         :  0
		num triangles      :  108
	processing begun of mesh:  Cube.078
		processing begun of material:  Wood dark 02
		registered as also a user of material:  Wood dark 02
		num positions      :  313
		num normals        :  313
		num tangents       :  0
		num uvs            :  626
		num uvs2           :  0
		num colors         :  0
		num triangles      :  108
	processing begun of mesh:  Cube.079
		processing begun of material:  Wood dark 02
		registered as also a user of material:  Wood dark 02
		num positions      :  313
		num normals        :  313
		num tangents       :  0
		num uvs            :  626
		num uvs2           :  0
		num colors         :  0
		num triangles      :  108
	processing begun of mesh:  Cube.080
		processing begun of material:  Wood light 02
		registered as also a user of material:  Wood light 02
		num positions      :  313
		num normals        :  313
		num tangents       :  0
		num uvs            :  626
		num uvs2           :  0
		num colors         :  0
		num triangles      :  108
	processing begun of mesh:  Cylinder.008
		processing begun of material:  Wood dark 03
		registered as also a user of material:  Wood dark 03
		num positions      :  284
		num normals        :  284
		num tangents       :  0
		num uvs            :  568
		num uvs2           :  0
		num colors         :  0
		num triangles      :  98
	processing begun of mesh:  Cube.081
		processing begun of material:  Wood light
		registered as also a user of material:  Wood light
		num positions      :  371
		num normals        :  371
		num tangents       :  0
		num uvs            :  742
		num uvs2           :  0
		num colors         :  0
		num triangles      :  124
	processing begun of mesh:  Cube.082
		processing begun of material:  Wood dark
		registered as also a user of material:  Wood dark
		num positions      :  372
		num normals        :  372
		num tangents       :  0
		num uvs            :  744
		num uvs2           :  0
		num colors         :  0
		num triangles      :  124
	processing begun of mesh:  Cube.083
		processing begun of material:  Wood light
		registered as also a user of material:  Wood light
		num positions      :  371
		num normals        :  371
		num tangents       :  0
		num uvs            :  742
		num uvs2           :  0
		num colors         :  0
		num triangles      :  124
	processing begun of mesh:  Cube.084
		processing begun of material:  Wood light 02
		registered as also a user of material:  Wood light 02
		num positions      :  372
		num normals        :  372
		num tangents       :  0
		num uvs            :  744
		num uvs2           :  0
		num colors         :  0
		num triangles      :  124
	processing begun of mesh:  Cylinder.004
		processing begun of material:  Wood dark 03
		registered as also a user of material:  Wood dark 03
		num positions      :  284
		num normals        :  284
		num tangents       :  0
		num uvs            :  568
		num uvs2           :  0
		num colors         :  0
		num triangles      :  98
	processing begun of mesh:  Cylinder.005
		processing begun of material:  Wood dark 03
		registered as also a user of material:  Wood dark 03
		num positions      :  284
		num normals        :  284
		num tangents       :  0
		num uvs            :  568
		num uvs2           :  0
		num colors         :  0
		num triangles      :  98
	processing begun of mesh:  Cylinder.007
		processing begun of material:  Wood dark 02
		registered as also a user of material:  Wood dark 02
		num positions      :  284
		num normals        :  284
		num tangents       :  0
		num uvs            :  568
		num uvs2           :  0
		num colors         :  0
		num triangles      :  98
	processing begun of mesh:  Cylinder.011
		processing begun of material:  Wood light 02
		registered as also a user of material:  Wood light 02
		num positions      :  337
		num normals        :  337
		num tangents       :  0
		num uvs            :  674
		num uvs2           :  0
		num colors         :  0
		num triangles      :  116
	processing begun of mesh:  Cylinder.012
		processing begun of material:  Wood light
		registered as also a user of material:  Wood light
		num positions      :  337
		num normals        :  337
		num tangents       :  0
		num uvs            :  674
		num uvs2           :  0
		num colors         :  0
		num triangles      :  116
	processing begun of mesh:  Cylinder.013
		processing begun of material:  Wood light
		registered as also a user of material:  Wood light
		num positions      :  337
		num normals        :  337
		num tangents       :  0
		num uvs            :  674
		num uvs2           :  0
		num colors         :  0
		num triangles      :  116
	processing begun of mesh:  Cylinder.014
		processing begun of material:  Wood light 02
		registered as also a user of material:  Wood light 02
		num positions      :  337
		num normals        :  337
		num tangents       :  0
		num uvs            :  674
		num uvs2           :  0
		num colors         :  0
		num triangles      :  116
	processing begun of mesh:  Cylinder.015
		processing begun of material:  Wood light 02
		registered as also a user of material:  Wood light 02
		num positions      :  337
		num normals        :  337
		num tangents       :  0
		num uvs            :  674
		num uvs2           :  0
		num colors         :  0
		num triangles      :  116
	processing begun of mesh:  Cylinder.016
		processing begun of material:  Wood light
		registered as also a user of material:  Wood light
		num positions      :  337
		num normals        :  337
		num tangents       :  0
		num uvs            :  674
		num uvs2           :  0
		num colors         :  0
		num triangles      :  116
	processing begun of mesh:  Cylinder.017
		processing begun of material:  Wood light
		registered as also a user of material:  Wood light
		num positions      :  337
		num normals        :  337
		num tangents       :  0
		num uvs            :  674
		num uvs2           :  0
		num colors         :  0
		num triangles      :  116
	processing begun of mesh:  Cylinder.018
		processing begun of material:  Wood light
		registered as also a user of material:  Wood light
		num positions      :  337
		num normals        :  337
		num tangents       :  0
		num uvs            :  674
		num uvs2           :  0
		num colors         :  0
		num triangles      :  116
	processing begun of mesh:  Cylinder.019
		processing begun of material:  Wood light 02
		registered as also a user of material:  Wood light 02
		num positions      :  337
		num normals        :  337
		num tangents       :  0
		num uvs            :  674
		num uvs2           :  0
		num colors         :  0
		num triangles      :  116
	processing begun of mesh:  Cylinder.020
		processing begun of material:  Wood light 02
		registered as also a user of material:  Wood light 02
		num positions      :  337
		num normals        :  337
		num tangents       :  0
		num uvs            :  674
		num uvs2           :  0
		num colors         :  0
		num triangles      :  116
	processing begun of mesh:  Cylinder.021
		processing begun of material:  Wood dark.001
		registered as also a user of material:  Wood dark.001
		num positions      :  337
		num normals        :  337
		num tangents       :  0
		num uvs            :  674
		num uvs2           :  0
		num colors         :  0
		num triangles      :  116
	processing begun of mesh:  Cylinder.022
		processing begun of material:  Wood light 02
		registered as also a user of material:  Wood light 02
		num positions      :  337
		num normals        :  337
		num tangents       :  0
		num uvs            :  674
		num uvs2           :  0
		num colors         :  0
		num triangles      :  116
	processing begun of mesh:  Cylinder.023
		processing begun of material:  Wood light 02
		registered as also a user of material:  Wood light 02
		num positions      :  337
		num normals        :  337
		num tangents       :  0
		num uvs            :  674
		num uvs2           :  0
		num colors         :  0
		num triangles      :  116
	processing begun of mesh:  Cylinder.024
		processing begun of material:  Wood light
		registered as also a user of material:  Wood light
		num positions      :  337
		num normals        :  337
		num tangents       :  0
		num uvs            :  674
		num uvs2           :  0
		num colors         :  0
		num triangles      :  116
	processing begun of mesh:  water
		processing begun of material:  Water
		num positions      :  736
		num normals        :  736
		num tangents       :  0
		num uvs            :  1472
		num uvs2           :  0
		num colors         :  0
		num triangles      :  1386
	processing begun of node:  Empty
	WARNING: The following object (type - CURVE) is not currently exportable thus ignored: BezierCircle
	processing begun of mesh:  water.001
		processing begun of material:  Water
		registered as also a user of material:  Water
		num positions      :  736
		num normals        :  736
		num tangents       :  0
		num uvs            :  1472
		num uvs2           :  0
		num colors         :  0
		num triangles      :  1386
	processing begun of mesh:  Plane.083
		WARNING: No materials have been assigned: 
		num positions      :  484
		num normals        :  484
		num tangents       :  0
		num uvs            :  968
		num uvs2           :  0
		num colors         :  0
		num triangles      :  882
	processing begun of mesh:  Plane
		processing begun of material:  Green leaf 02
		num positions      :  24
		num normals        :  24
		num tangents       :  0
		num uvs            :  48
		num uvs2           :  0
		num colors         :  0
		num triangles      :  8
	processing begun of mesh:  Plane.001
		processing begun of material:  Green leaf 02
		registered as also a user of material:  Green leaf 02
		num positions      :  24
		num normals        :  24
		num tangents       :  0
		num uvs            :  48
		num uvs2           :  0
		num colors         :  0
		num triangles      :  8
	processing begun of mesh:  Plane.002
		processing begun of material:  Green leaf
		num positions      :  24
		num normals        :  24
		num tangents       :  0
		num uvs            :  48
		num uvs2           :  0
		num colors         :  0
		num triangles      :  8
	processing begun of mesh:  Plane.003
		processing begun of material:  Green leaf
		registered as also a user of material:  Green leaf
		num positions      :  24
		num normals        :  24
		num tangents       :  0
		num uvs            :  48
		num uvs2           :  0
		num colors         :  0
		num triangles      :  8
	processing begun of mesh:  Plane.004
		processing begun of material:  Green leaf
		registered as also a user of material:  Green leaf
		num positions      :  24
		num normals        :  24
		num tangents       :  0
		num uvs            :  48
		num uvs2           :  0
		num colors         :  0
		num triangles      :  8
	processing begun of mesh:  Plane.005
		processing begun of material:  Green leaf 02
		registered as also a user of material:  Green leaf 02
		num positions      :  24
		num normals        :  24
		num tangents       :  0
		num uvs            :  48
		num uvs2           :  0
		num colors         :  0
		num triangles      :  8
	processing begun of mesh:  Plane.006
		processing begun of material:  Green leaf
		registered as also a user of material:  Green leaf
		num positions      :  24
		num normals        :  24
		num tangents       :  0
		num uvs            :  48
		num uvs2           :  0
		num colors         :  0
		num triangles      :  8
	processing begun of mesh:  Plane.007
		processing begun of material:  Green leaf 02
		registered as also a user of material:  Green leaf 02
		num positions      :  24
		num normals        :  24
		num tangents       :  0
		num uvs            :  48
		num uvs2           :  0
		num colors         :  0
		num triangles      :  8
	processing begun of mesh:  Plane.008
		processing begun of material:  Green leaf
		registered as also a user of material:  Green leaf
		num positions      :  24
		num normals        :  24
		num tangents       :  0
		num uvs            :  48
		num uvs2           :  0
		num colors         :  0
		num triangles      :  8
	processing begun of mesh:  Plane.009
		processing begun of material:  Green leaf 02
		registered as also a user of material:  Green leaf 02
		num positions      :  24
		num normals        :  24
		num tangents       :  0
		num uvs            :  48
		num uvs2           :  0
		num colors         :  0
		num triangles      :  8
	processing begun of mesh:  Plane.010
		processing begun of material:  Green leaf
		registered as also a user of material:  Green leaf
		num positions      :  24
		num normals        :  24
		num tangents       :  0
		num uvs            :  48
		num uvs2           :  0
		num colors         :  0
		num triangles      :  8
	processing begun of mesh:  Plane.011
		processing begun of material:  Green leaf
		registered as also a user of material:  Green leaf
		num positions      :  24
		num normals        :  24
		num tangents       :  0
		num uvs            :  48
		num uvs2           :  0
		num colors         :  0
		num triangles      :  8
	processing begun of mesh:  Plane.012
		processing begun of material:  Green leaf
		registered as also a user of material:  Green leaf
		num positions      :  24
		num normals        :  24
		num tangents       :  0
		num uvs            :  48
		num uvs2           :  0
		num colors         :  0
		num triangles      :  8
	processing begun of mesh:  Plane.013
		processing begun of material:  Green leaf
		registered as also a user of material:  Green leaf
		num positions      :  24
		num normals        :  24
		num tangents       :  0
		num uvs            :  48
		num uvs2           :  0
		num colors         :  0
		num triangles      :  8
	processing begun of mesh:  Plane.014
		processing begun of material:  Green leaf
		registered as also a user of material:  Green leaf
		num positions      :  24
		num normals        :  24
		num tangents       :  0
		num uvs            :  48
		num uvs2           :  0
		num colors         :  0
		num triangles      :  8
	processing begun of mesh:  Cylinder
		processing begun of material:  Blue material
		processing begun of material:  white material
		processing begun of multimaterial:  seashank.Multimaterial#0
		num positions      :  606
		num normals        :  606
		num tangents       :  0
		num uvs            :  1212
		num uvs2           :  0
		num colors         :  0
		num triangles      :  236
	processing begun of mesh:  Cylinder.009
		processing begun of material:  Wood dark 03
		registered as also a user of material:  Wood dark 03
		num positions      :  400
		num normals        :  400
		num tangents       :  0
		num uvs            :  800
		num uvs2           :  0
		num colors         :  0
		num triangles      :  136
	processing begun of mesh:  Cube.085
		processing begun of material:  Wood dark 02
		registered as also a user of material:  Wood dark 02
		num positions      :  232
		num normals        :  232
		num tangents       :  0
		num uvs            :  464
		num uvs2           :  0
		num colors         :  0
		num triangles      :  80
	WARNING: The following object (type - CURVE) is not currently exportable thus ignored: NurbsCurve
	processing begun of mesh:  Cube.086
		processing begun of material:  Wood light 02
		registered as also a user of material:  Wood light 02
		num positions      :  29
		num normals        :  29
		num tangents       :  0
		num uvs            :  58
		num uvs2           :  0
		num colors         :  0
		num triangles      :  12
	processing begun of mesh:  Cube.087
		processing begun of material:  Wood light 02
		registered as also a user of material:  Wood light 02
		num positions      :  29
		num normals        :  29
		num tangents       :  0
		num uvs            :  58
		num uvs2           :  0
		num colors         :  0
		num triangles      :  12
	processing begun of mesh:  Cube.088
		processing begun of material:  Wood light 02
		registered as also a user of material:  Wood light 02
		num positions      :  536
		num normals        :  536
		num tangents       :  0
		num uvs            :  1072
		num uvs2           :  0
		num colors         :  0
		num triangles      :  180
	processing begun of mesh:  Cylinder.010
		processing begun of material:  Wood dark 03
		processing begun of material:  metal
		processing begun of material:  Wood dark 04
		registered as also a user of material:  Wood dark 03
		processing begun of multimaterial:  seashank.Multimaterial#1
		num positions      :  1492
		num normals        :  1492
		num tangents       :  0
		num uvs            :  2984
		num uvs2           :  0
		num colors         :  0
		num triangles      :  548
	processing begun of mesh:  Cylinder.025
		processing begun of material:  Wood dark 03
		processing begun of material:  metal
		processing begun of material:  Wood dark 04
		registered as also a user of material:  Wood dark 03
		registered as also a user of material:  metal
		registered as also a user of material:  Wood dark 04
		processing begun of multimaterial:  seashank.Multimaterial#2
		num positions      :  1492
		num normals        :  1492
		num tangents       :  0
		num uvs            :  2984
		num uvs2           :  0
		num colors         :  0
		num triangles      :  548
	processing begun of mesh:  sand
		processing begun of material:  Sand
		num positions      :  1706
		num normals        :  1706
		num tangents       :  0
		num uvs            :  3412
		num uvs2           :  0
		num colors         :  0
		num triangles      :  2668
	processing begun of mesh:  rock
		processing begun of material:  Rock 1
		num positions      :  906
		num normals        :  906
		num tangents       :  0
		num uvs            :  0
		num uvs2           :  0
		num colors         :  0
		num triangles      :  302
	processing begun of mesh:  Plane.015
		processing begun of material:  sea plant
		num positions      :  30
		num normals        :  30
		num tangents       :  0
		num uvs            :  60
		num uvs2           :  0
		num colors         :  0
		num triangles      :  10
	processing begun of mesh:  Plane.016
		processing begun of material:  sea plant
		registered as also a user of material:  sea plant
		num positions      :  30
		num normals        :  30
		num tangents       :  0
		num uvs            :  60
		num uvs2           :  0
		num colors         :  0
		num triangles      :  10
	processing begun of mesh:  Plane.017
		processing begun of material:  sea plant
		registered as also a user of material:  sea plant
		num positions      :  30
		num normals        :  30
		num tangents       :  0
		num uvs            :  60
		num uvs2           :  0
		num colors         :  0
		num triangles      :  10
	processing begun of mesh:  Plane.018
		processing begun of material:  sea plant
		registered as also a user of material:  sea plant
		num positions      :  30
		num normals        :  30
		num tangents       :  0
		num uvs            :  60
		num uvs2           :  0
		num colors         :  0
		num triangles      :  10
	processing begun of mesh:  Plane.019
		processing begun of material:  sea plant
		registered as also a user of material:  sea plant
		num positions      :  30
		num normals        :  30
		num tangents       :  0
		num uvs            :  60
		num uvs2           :  0
		num colors         :  0
		num triangles      :  10
	processing begun of mesh:  Plane.020
		processing begun of material:  sea plant
		registered as also a user of material:  sea plant
		num positions      :  30
		num normals        :  30
		num tangents       :  0
		num uvs            :  60
		num uvs2           :  0
		num colors         :  0
		num triangles      :  10
	processing begun of mesh:  Plane.021
		processing begun of material:  sea plant
		registered as also a user of material:  sea plant
		num positions      :  30
		num normals        :  30
		num tangents       :  0
		num uvs            :  60
		num uvs2           :  0
		num colors         :  0
		num triangles      :  10
	processing begun of mesh:  Plane.022
		processing begun of material:  sea plant
		registered as also a user of material:  sea plant
		num positions      :  30
		num normals        :  30
		num tangents       :  0
		num uvs            :  60
		num uvs2           :  0
		num colors         :  0
		num triangles      :  10
	processing begun of mesh:  Plane.023
		processing begun of material:  sea plant
		registered as also a user of material:  sea plant
		num positions      :  30
		num normals        :  30
		num tangents       :  0
		num uvs            :  60
		num uvs2           :  0
		num colors         :  0
		num triangles      :  10
	processing begun of mesh:  Plane.024
		processing begun of material:  sea plant
		registered as also a user of material:  sea plant
		num positions      :  30
		num normals        :  30
		num tangents       :  0
		num uvs            :  60
		num uvs2           :  0
		num colors         :  0
		num triangles      :  10
	processing begun of mesh:  Plane.025
		processing begun of material:  sea plant
		registered as also a user of material:  sea plant
		num positions      :  30
		num normals        :  30
		num tangents       :  0
		num uvs            :  60
		num uvs2           :  0
		num colors         :  0
		num triangles      :  10
	processing begun of mesh:  Plane.026
		processing begun of material:  sea plant
		registered as also a user of material:  sea plant
		num positions      :  30
		num normals        :  30
		num tangents       :  0
		num uvs            :  60
		num uvs2           :  0
		num colors         :  0
		num triangles      :  10
	processing begun of mesh:  Plane.027
		processing begun of material:  sea plant
		registered as also a user of material:  sea plant
		num positions      :  30
		num normals        :  30
		num tangents       :  0
		num uvs            :  60
		num uvs2           :  0
		num colors         :  0
		num triangles      :  10
	processing begun of mesh:  Plane.028
		processing begun of material:  sea plant
		registered as also a user of material:  sea plant
		num positions      :  30
		num normals        :  30
		num tangents       :  0
		num uvs            :  60
		num uvs2           :  0
		num colors         :  0
		num triangles      :  10
	processing begun of mesh:  Plane.029
		processing begun of material:  sea plant
		registered as also a user of material:  sea plant
		num positions      :  30
		num normals        :  30
		num tangents       :  0
		num uvs            :  60
		num uvs2           :  0
		num colors         :  0
		num triangles      :  10
	processing begun of mesh:  Plane.030
		processing begun of material:  sea plant
		registered as also a user of material:  sea plant
		num positions      :  30
		num normals        :  30
		num tangents       :  0
		num uvs            :  60
		num uvs2           :  0
		num colors         :  0
		num triangles      :  10
	processing begun of mesh:  Plane.031
		processing begun of material:  sea plant
		registered as also a user of material:  sea plant
		num positions      :  30
		num normals        :  30
		num tangents       :  0
		num uvs            :  60
		num uvs2           :  0
		num colors         :  0
		num triangles      :  10
	processing begun of mesh:  Plane.032
		processing begun of material:  sea plant
		registered as also a user of material:  sea plant
		num positions      :  30
		num normals        :  30
		num tangents       :  0
		num uvs            :  60
		num uvs2           :  0
		num colors         :  0
		num triangles      :  10
	processing begun of mesh:  Plane.033
		processing begun of material:  sea plant
		registered as also a user of material:  sea plant
		num positions      :  30
		num normals        :  30
		num tangents       :  0
		num uvs            :  60
		num uvs2           :  0
		num colors         :  0
		num triangles      :  10
	processing begun of mesh:  Plane.034
		processing begun of material:  sea plant
		registered as also a user of material:  sea plant
		num positions      :  30
		num normals        :  30
		num tangents       :  0
		num uvs            :  60
		num uvs2           :  0
		num colors         :  0
		num triangles      :  10
	processing begun of mesh:  Plane.035
		processing begun of material:  sea plant
		registered as also a user of material:  sea plant
		num positions      :  30
		num normals        :  30
		num tangents       :  0
		num uvs            :  60
		num uvs2           :  0
		num colors         :  0
		num triangles      :  10
	processing begun of mesh:  Plane.036
		processing begun of material:  sea plant
		registered as also a user of material:  sea plant
		num positions      :  30
		num normals        :  30
		num tangents       :  0
		num uvs            :  60
		num uvs2           :  0
		num colors         :  0
		num triangles      :  10
	processing begun of mesh:  Plane.037
		processing begun of material:  sea plant
		registered as also a user of material:  sea plant
		num positions      :  30
		num normals        :  30
		num tangents       :  0
		num uvs            :  60
		num uvs2           :  0
		num colors         :  0
		num triangles      :  10
	processing begun of mesh:  Plane.038
		processing begun of material:  sea plant
		registered as also a user of material:  sea plant
		num positions      :  30
		num normals        :  30
		num tangents       :  0
		num uvs            :  60
		num uvs2           :  0
		num colors         :  0
		num triangles      :  10
	processing begun of mesh:  Plane.039
		processing begun of material:  sea plant
		registered as also a user of material:  sea plant
		num positions      :  30
		num normals        :  30
		num tangents       :  0
		num uvs            :  60
		num uvs2           :  0
		num colors         :  0
		num triangles      :  10
	processing begun of mesh:  Plane.040
		processing begun of material:  sea plant
		registered as also a user of material:  sea plant
		num positions      :  30
		num normals        :  30
		num tangents       :  0
		num uvs            :  60
		num uvs2           :  0
		num colors         :  0
		num triangles      :  10
	processing begun of mesh:  Plane.041
		processing begun of material:  sea plant
		registered as also a user of material:  sea plant
		num positions      :  30
		num normals        :  30
		num tangents       :  0
		num uvs            :  60
		num uvs2           :  0
		num colors         :  0
		num triangles      :  10
	processing begun of mesh:  Plane.042
		processing begun of material:  sea plant
		registered as also a user of material:  sea plant
		num positions      :  30
		num normals        :  30
		num tangents       :  0
		num uvs            :  60
		num uvs2           :  0
		num colors         :  0
		num triangles      :  10
	processing begun of mesh:  Plane.043
		processing begun of material:  sea plant
		registered as also a user of material:  sea plant
		num positions      :  30
		num normals        :  30
		num tangents       :  0
		num uvs            :  60
		num uvs2           :  0
		num colors         :  0
		num triangles      :  10
	processing begun of mesh:  Plane.044
		processing begun of material:  sea plant
		registered as also a user of material:  sea plant
		num positions      :  30
		num normals        :  30
		num tangents       :  0
		num uvs            :  60
		num uvs2           :  0
		num colors         :  0
		num triangles      :  10
	processing begun of mesh:  Plane.045
		processing begun of material:  sea plant
		registered as also a user of material:  sea plant
		num positions      :  30
		num normals        :  30
		num tangents       :  0
		num uvs            :  60
		num uvs2           :  0
		num colors         :  0
		num triangles      :  10
	processing begun of mesh:  Plane.046
		processing begun of material:  sea plant
		registered as also a user of material:  sea plant
		num positions      :  30
		num normals        :  30
		num tangents       :  0
		num uvs            :  60
		num uvs2           :  0
		num colors         :  0
		num triangles      :  10
	processing begun of mesh:  Plane.047
		processing begun of material:  sea plant
		registered as also a user of material:  sea plant
		num positions      :  30
		num normals        :  30
		num tangents       :  0
		num uvs            :  60
		num uvs2           :  0
		num colors         :  0
		num triangles      :  10
	processing begun of mesh:  Plane.048
		processing begun of material:  sea plant
		registered as also a user of material:  sea plant
		num positions      :  30
		num normals        :  30
		num tangents       :  0
		num uvs            :  60
		num uvs2           :  0
		num colors         :  0
		num triangles      :  10
	processing begun of mesh:  Plane.049
		processing begun of material:  sea plant
		registered as also a user of material:  sea plant
		num positions      :  30
		num normals        :  30
		num tangents       :  0
		num uvs            :  60
		num uvs2           :  0
		num colors         :  0
		num triangles      :  10
	processing begun of mesh:  Plane.050
		processing begun of material:  sea plant
		registered as also a user of material:  sea plant
		num positions      :  30
		num normals        :  30
		num tangents       :  0
		num uvs            :  60
		num uvs2           :  0
		num colors         :  0
		num triangles      :  10
	processing begun of mesh:  Plane.051
		processing begun of material:  sea plant
		registered as also a user of material:  sea plant
		num positions      :  30
		num normals        :  30
		num tangents       :  0
		num uvs            :  60
		num uvs2           :  0
		num colors         :  0
		num triangles      :  10
	processing begun of mesh:  Plane.052
		processing begun of material:  sea plant
		registered as also a user of material:  sea plant
		num positions      :  30
		num normals        :  30
		num tangents       :  0
		num uvs            :  60
		num uvs2           :  0
		num colors         :  0
		num triangles      :  10
	processing begun of mesh:  Plane.053
		processing begun of material:  sea plant
		registered as also a user of material:  sea plant
		num positions      :  30
		num normals        :  30
		num tangents       :  0
		num uvs            :  60
		num uvs2           :  0
		num colors         :  0
		num triangles      :  10
	processing begun of mesh:  Plane.054
		processing begun of material:  sea plant
		registered as also a user of material:  sea plant
		num positions      :  30
		num normals        :  30
		num tangents       :  0
		num uvs            :  60
		num uvs2           :  0
		num colors         :  0
		num triangles      :  10
	processing begun of mesh:  Plane.055
		processing begun of material:  sea plant
		registered as also a user of material:  sea plant
		num positions      :  30
		num normals        :  30
		num tangents       :  0
		num uvs            :  60
		num uvs2           :  0
		num colors         :  0
		num triangles      :  10
	processing begun of mesh:  Plane.056
		processing begun of material:  sea plant
		registered as also a user of material:  sea plant
		num positions      :  30
		num normals        :  30
		num tangents       :  0
		num uvs            :  60
		num uvs2           :  0
		num colors         :  0
		num triangles      :  10
	processing begun of mesh:  Plane.057
		processing begun of material:  sea plant
		registered as also a user of material:  sea plant
		num positions      :  30
		num normals        :  30
		num tangents       :  0
		num uvs            :  60
		num uvs2           :  0
		num colors         :  0
		num triangles      :  10
	processing begun of mesh:  Plane.058
		processing begun of material:  sea plant
		registered as also a user of material:  sea plant
		num positions      :  30
		num normals        :  30
		num tangents       :  0
		num uvs            :  60
		num uvs2           :  0
		num colors         :  0
		num triangles      :  10
	processing begun of mesh:  Plane.059
		processing begun of material:  sea plant
		registered as also a user of material:  sea plant
		num positions      :  30
		num normals        :  30
		num tangents       :  0
		num uvs            :  60
		num uvs2           :  0
		num colors         :  0
		num triangles      :  10
	processing begun of mesh:  Plane.060
		processing begun of material:  sea plant
		registered as also a user of material:  sea plant
		num positions      :  30
		num normals        :  30
		num tangents       :  0
		num uvs            :  60
		num uvs2           :  0
		num colors         :  0
		num triangles      :  10
	processing begun of mesh:  Plane.061
		processing begun of material:  sea plant
		registered as also a user of material:  sea plant
		num positions      :  30
		num normals        :  30
		num tangents       :  0
		num uvs            :  60
		num uvs2           :  0
		num colors         :  0
		num triangles      :  10
	processing begun of mesh:  Plane.062
		processing begun of material:  sea plant
		registered as also a user of material:  sea plant
		num positions      :  30
		num normals        :  30
		num tangents       :  0
		num uvs            :  60
		num uvs2           :  0
		num colors         :  0
		num triangles      :  10
	processing begun of mesh:  Plane.063
		processing begun of material:  sea plant
		registered as also a user of material:  sea plant
		num positions      :  30
		num normals        :  30
		num tangents       :  0
		num uvs            :  60
		num uvs2           :  0
		num colors         :  0
		num triangles      :  10
	processing begun of mesh:  Plane.064
		processing begun of material:  sea plant
		registered as also a user of material:  sea plant
		num positions      :  30
		num normals        :  30
		num tangents       :  0
		num uvs            :  60
		num uvs2           :  0
		num colors         :  0
		num triangles      :  10
	processing begun of mesh:  Plane.065
		processing begun of material:  sea plant
		registered as also a user of material:  sea plant
		num positions      :  30
		num normals        :  30
		num tangents       :  0
		num uvs            :  60
		num uvs2           :  0
		num colors         :  0
		num triangles      :  10
	processing begun of mesh:  Plane.066
		processing begun of material:  sea plant
		registered as also a user of material:  sea plant
		num positions      :  30
		num normals        :  30
		num tangents       :  0
		num uvs            :  60
		num uvs2           :  0
		num colors         :  0
		num triangles      :  10
	processing begun of mesh:  Plane.067
		processing begun of material:  sea plant
		registered as also a user of material:  sea plant
		num positions      :  30
		num normals        :  30
		num tangents       :  0
		num uvs            :  60
		num uvs2           :  0
		num colors         :  0
		num triangles      :  10
	processing begun of mesh:  Plane.068
		processing begun of material:  sea plant
		registered as also a user of material:  sea plant
		num positions      :  30
		num normals        :  30
		num tangents       :  0
		num uvs            :  60
		num uvs2           :  0
		num colors         :  0
		num triangles      :  10
	processing begun of mesh:  Plane.069
		processing begun of material:  sea plant
		registered as also a user of material:  sea plant
		num positions      :  30
		num normals        :  30
		num tangents       :  0
		num uvs            :  60
		num uvs2           :  0
		num colors         :  0
		num triangles      :  10
	processing begun of mesh:  Plane.070
		processing begun of material:  sea plant
		registered as also a user of material:  sea plant
		num positions      :  30
		num normals        :  30
		num tangents       :  0
		num uvs            :  60
		num uvs2           :  0
		num colors         :  0
		num triangles      :  10
	processing begun of mesh:  Plane.071
		processing begun of material:  sea plant
		registered as also a user of material:  sea plant
		num positions      :  30
		num normals        :  30
		num tangents       :  0
		num uvs            :  60
		num uvs2           :  0
		num colors         :  0
		num triangles      :  10
	processing begun of mesh:  Plane.072
		processing begun of material:  sea plant
		registered as also a user of material:  sea plant
		num positions      :  30
		num normals        :  30
		num tangents       :  0
		num uvs            :  60
		num uvs2           :  0
		num colors         :  0
		num triangles      :  10
	processing begun of mesh:  Plane.073
		processing begun of material:  sea plant
		registered as also a user of material:  sea plant
		num positions      :  30
		num normals        :  30
		num tangents       :  0
		num uvs            :  60
		num uvs2           :  0
		num colors         :  0
		num triangles      :  10
	processing begun of mesh:  Plane.074
		processing begun of material:  sea plant
		registered as also a user of material:  sea plant
		num positions      :  30
		num normals        :  30
		num tangents       :  0
		num uvs            :  60
		num uvs2           :  0
		num colors         :  0
		num triangles      :  10
	processing begun of mesh:  Plane.075
		processing begun of material:  sea plant
		registered as also a user of material:  sea plant
		num positions      :  30
		num normals        :  30
		num tangents       :  0
		num uvs            :  60
		num uvs2           :  0
		num colors         :  0
		num triangles      :  10
	processing begun of mesh:  Plane.076
		processing begun of material:  sea plant
		registered as also a user of material:  sea plant
		num positions      :  30
		num normals        :  30
		num tangents       :  0
		num uvs            :  60
		num uvs2           :  0
		num colors         :  0
		num triangles      :  10
	processing begun of mesh:  Plane.077
		processing begun of material:  sea plant
		registered as also a user of material:  sea plant
		num positions      :  30
		num normals        :  30
		num tangents       :  0
		num uvs            :  60
		num uvs2           :  0
		num colors         :  0
		num triangles      :  10
	processing begun of mesh:  Plane.078
		processing begun of material:  sea plant
		registered as also a user of material:  sea plant
		num positions      :  30
		num normals        :  30
		num tangents       :  0
		num uvs            :  60
		num uvs2           :  0
		num colors         :  0
		num triangles      :  10
	processing begun of mesh:  Plane.079
		processing begun of material:  sea plant
		registered as also a user of material:  sea plant
		num positions      :  30
		num normals        :  30
		num tangents       :  0
		num uvs            :  60
		num uvs2           :  0
		num colors         :  0
		num triangles      :  10
	processing begun of mesh:  Plane.080
		processing begun of material:  sea plant
		registered as also a user of material:  sea plant
		num positions      :  30
		num normals        :  30
		num tangents       :  0
		num uvs            :  60
		num uvs2           :  0
		num colors         :  0
		num triangles      :  10
	processing begun of mesh:  Plane.081
		processing begun of material:  sea plant
		registered as also a user of material:  sea plant
		num positions      :  30
		num normals        :  30
		num tangents       :  0
		num uvs            :  60
		num uvs2           :  0
		num colors         :  0
		num triangles      :  10
	processing begun of mesh:  Plane.082
		processing begun of material:  sea plant
		registered as also a user of material:  sea plant
		num positions      :  30
		num normals        :  30
		num tangents       :  0
		num uvs            :  60
		num uvs2           :  0
		num colors         :  0
		num triangles      :  10
	processing begun of mesh:  Icosphere
		processing begun of material:  Rock 3
		num positions      :  353
		num normals        :  353
		num tangents       :  0
		num uvs            :  706
		num uvs2           :  0
		num colors         :  0
		num triangles      :  118
	processing begun of mesh:  Icosphere.001
		processing begun of material:  Rock 2
		num positions      :  353
		num normals        :  353
		num tangents       :  0
		num uvs            :  706
		num uvs2           :  0
		num colors         :  0
		num triangles      :  118
	processing begun of mesh:  Icosphere.002
		processing begun of material:  Rock 2
		registered as also a user of material:  Rock 2
		num positions      :  353
		num normals        :  353
		num tangents       :  0
		num uvs            :  706
		num uvs2           :  0
		num colors         :  0
		num triangles      :  118
	processing begun of mesh:  Icosphere.003
		processing begun of material:  Rock 2
		registered as also a user of material:  Rock 2
		num positions      :  353
		num normals        :  353
		num tangents       :  0
		num uvs            :  706
		num uvs2           :  0
		num colors         :  0
		num triangles      :  118
	processing begun of mesh:  Icosphere.004
		processing begun of material:  Rock 1
		registered as also a user of material:  Rock 1
		num positions      :  353
		num normals        :  353
		num tangents       :  0
		num uvs            :  706
		num uvs2           :  0
		num colors         :  0
		num triangles      :  118
	processing begun of mesh:  Icosphere.007
		processing begun of material:  Rock 1
		registered as also a user of material:  Rock 1
		num positions      :  353
		num normals        :  353
		num tangents       :  0
		num uvs            :  706
		num uvs2           :  0
		num colors         :  0
		num triangles      :  118
	processing begun of mesh:  Icosphere.008
		processing begun of material:  Rock 3
		registered as also a user of material:  Rock 3
		num positions      :  353
		num normals        :  353
		num tangents       :  0
		num uvs            :  706
		num uvs2           :  0
		num colors         :  0
		num triangles      :  118
	processing begun of mesh:  Icosphere.009
		processing begun of material:  Rock 2
		registered as also a user of material:  Rock 2
		num positions      :  353
		num normals        :  353
		num tangents       :  0
		num uvs            :  706
		num uvs2           :  0
		num colors         :  0
		num triangles      :  118
	processing begun of mesh:  Icosphere.010
		processing begun of material:  Rock 2
		registered as also a user of material:  Rock 2
		num positions      :  353
		num normals        :  353
		num tangents       :  0
		num uvs            :  706
		num uvs2           :  0
		num colors         :  0
		num triangles      :  118
	processing begun of mesh:  Icosphere.011
		processing begun of material:  Rock 1
		registered as also a user of material:  Rock 1
		num positions      :  353
		num normals        :  353
		num tangents       :  0
		num uvs            :  706
		num uvs2           :  0
		num colors         :  0
		num triangles      :  118
	processing begun of mesh:  Icosphere.012
		processing begun of material:  Rock 1
		registered as also a user of material:  Rock 1
		num positions      :  353
		num normals        :  353
		num tangents       :  0
		num uvs            :  706
		num uvs2           :  0
		num colors         :  0
		num triangles      :  118
	processing begun of mesh:  Icosphere.013
		processing begun of material:  Rock 2
		registered as also a user of material:  Rock 2
		num positions      :  257
		num normals        :  257
		num tangents       :  0
		num uvs            :  514
		num uvs2           :  0
		num colors         :  0
		num triangles      :  118
	processing begun of mesh:  Icosphere.014
		processing begun of material:  Rock 3
		registered as also a user of material:  Rock 3
		num positions      :  353
		num normals        :  353
		num tangents       :  0
		num uvs            :  706
		num uvs2           :  0
		num colors         :  0
		num triangles      :  118
	processing begun of mesh:  Icosphere.015
		processing begun of material:  Rock 1
		registered as also a user of material:  Rock 1
		num positions      :  353
		num normals        :  353
		num tangents       :  0
		num uvs            :  706
		num uvs2           :  0
		num colors         :  0
		num triangles      :  118
	processing begun of mesh:  Icosphere.016
		processing begun of material:  Rock 1
		registered as also a user of material:  Rock 1
		num positions      :  353
		num normals        :  353
		num tangents       :  0
		num uvs            :  706
		num uvs2           :  0
		num colors         :  0
		num triangles      :  118
	processing begun of mesh:  Icosphere.017
		processing begun of material:  Rock 1
		registered as also a user of material:  Rock 1
		num positions      :  353
		num normals        :  353
		num tangents       :  0
		num uvs            :  706
		num uvs2           :  0
		num colors         :  0
		num triangles      :  118
	processing begun of mesh:  Icosphere.018
		processing begun of material:  Rock 3
		registered as also a user of material:  Rock 3
		num positions      :  353
		num normals        :  353
		num tangents       :  0
		num uvs            :  706
		num uvs2           :  0
		num colors         :  0
		num triangles      :  118
	processing begun of mesh:  Icosphere.019
		processing begun of material:  Rock 3
		registered as also a user of material:  Rock 3
		num positions      :  353
		num normals        :  353
		num tangents       :  0
		num uvs            :  706
		num uvs2           :  0
		num colors         :  0
		num triangles      :  118
	processing begun of mesh:  Icosphere.020
		processing begun of material:  Rock 1
		registered as also a user of material:  Rock 1
		num positions      :  353
		num normals        :  353
		num tangents       :  0
		num uvs            :  706
		num uvs2           :  0
		num colors         :  0
		num triangles      :  118
	processing begun of mesh:  Icosphere.021
		processing begun of material:  Rock 2
		registered as also a user of material:  Rock 2
		num positions      :  353
		num normals        :  353
		num tangents       :  0
		num uvs            :  706
		num uvs2           :  0
		num colors         :  0
		num triangles      :  118
	processing begun of mesh:  Icosphere.022
		processing begun of material:  Rock 2
		registered as also a user of material:  Rock 2
		num positions      :  353
		num normals        :  353
		num tangents       :  0
		num uvs            :  706
		num uvs2           :  0
		num colors         :  0
		num triangles      :  118
	processing begun of mesh:  Icosphere.023
		processing begun of material:  Rock 2
		registered as also a user of material:  Rock 2
		num positions      :  353
		num normals        :  353
		num tangents       :  0
		num uvs            :  706
		num uvs2           :  0
		num colors         :  0
		num triangles      :  118
	processing begun of mesh:  Icosphere.024
		processing begun of material:  Rock 2
		registered as also a user of material:  Rock 2
		num positions      :  353
		num normals        :  353
		num tangents       :  0
		num uvs            :  706
		num uvs2           :  0
		num colors         :  0
		num triangles      :  118
	processing begun of mesh:  Icosphere.025
		processing begun of material:  Rock 2
		registered as also a user of material:  Rock 2
		num positions      :  353
		num normals        :  353
		num tangents       :  0
		num uvs            :  706
		num uvs2           :  0
		num colors         :  0
		num triangles      :  118
	processing begun of mesh:  Icosphere.026
		processing begun of material:  Rock 2
		registered as also a user of material:  Rock 2
		num positions      :  353
		num normals        :  353
		num tangents       :  0
		num uvs            :  706
		num uvs2           :  0
		num colors         :  0
		num triangles      :  118
	processing begun of mesh:  Icosphere.027
		processing begun of material:  Rock 2
		registered as also a user of material:  Rock 2
		num positions      :  353
		num normals        :  353
		num tangents       :  0
		num uvs            :  706
		num uvs2           :  0
		num colors         :  0
		num triangles      :  118
	processing begun of mesh:  Icosphere.028
		processing begun of material:  Rock 2
		registered as also a user of material:  Rock 2
		num positions      :  353
		num normals        :  353
		num tangents       :  0
		num uvs            :  706
		num uvs2           :  0
		num colors         :  0
		num triangles      :  118
	processing begun of mesh:  Icosphere.029
		processing begun of material:  Rock 2
		registered as also a user of material:  Rock 2
		num positions      :  353
		num normals        :  353
		num tangents       :  0
		num uvs            :  706
		num uvs2           :  0
		num colors         :  0
		num triangles      :  118
	processing begun of mesh:  Icosphere.030
		processing begun of material:  Rock 2
		registered as also a user of material:  Rock 2
		num positions      :  353
		num normals        :  353
		num tangents       :  0
		num uvs            :  706
		num uvs2           :  0
		num colors         :  0
		num triangles      :  118
	processing begun of mesh:  Icosphere.031
		processing begun of material:  Rock 3
		registered as also a user of material:  Rock 3
		num positions      :  353
		num normals        :  353
		num tangents       :  0
		num uvs            :  706
		num uvs2           :  0
		num colors         :  0
		num triangles      :  118
	processing begun of mesh:  Icosphere.032
		processing begun of material:  Rock 2
		registered as also a user of material:  Rock 2
		num positions      :  353
		num normals        :  353
		num tangents       :  0
		num uvs            :  706
		num uvs2           :  0
		num colors         :  0
		num triangles      :  118
	processing begun of mesh:  Cube.020
		processing begun of material:  Fish skin
		num positions      :  315
		num normals        :  315
		num tangents       :  0
		num uvs            :  630
		num uvs2           :  0
		num colors         :  0
		num triangles      :  112
	processing begun of mesh:  Cube.089
		processing begun of material:  Fish fin
		num positions      :  31
		num normals        :  31
		num tangents       :  0
		num uvs            :  62
		num uvs2           :  0
		num colors         :  0
		num triangles      :  12
	processing begun of mesh:  Cube.090
		processing begun of material:  Fish fin
		registered as also a user of material:  Fish fin
		num positions      :  31
		num normals        :  31
		num tangents       :  0
		num uvs            :  62
		num uvs2           :  0
		num colors         :  0
		num triangles      :  12
	processing begun of mesh:  Cube.091
		processing begun of material:  Fish fin
		registered as also a user of material:  Fish fin
		num positions      :  29
		num normals        :  29
		num tangents       :  0
		num uvs            :  58
		num uvs2           :  0
		num colors         :  0
		num triangles      :  12
	processing begun of mesh:  Sphere
		processing begun of material:  Fish eye
		num positions      :  99
		num normals        :  99
		num tangents       :  0
		num uvs            :  198
		num uvs2           :  0
		num colors         :  0
		num triangles      :  36
	processing begun of mesh:  Sphere.001
		processing begun of material:  Fish eye
		registered as also a user of material:  Fish eye
		num positions      :  99
		num normals        :  99
		num tangents       :  0
		num uvs            :  198
		num uvs2           :  0
		num colors         :  0
		num triangles      :  36
	processing begun of mesh:  Cube.092
		processing begun of material:  Fish skin
		registered as also a user of material:  Fish skin
		num positions      :  315
		num normals        :  315
		num tangents       :  0
		num uvs            :  630
		num uvs2           :  0
		num colors         :  0
		num triangles      :  112
	processing begun of mesh:  Cube.093
		processing begun of material:  Fish fin
		registered as also a user of material:  Fish fin
		num positions      :  31
		num normals        :  31
		num tangents       :  0
		num uvs            :  62
		num uvs2           :  0
		num colors         :  0
		num triangles      :  12
	processing begun of mesh:  Cube.094
		processing begun of material:  Fish fin
		registered as also a user of material:  Fish fin
		num positions      :  31
		num normals        :  31
		num tangents       :  0
		num uvs            :  62
		num uvs2           :  0
		num colors         :  0
		num triangles      :  12
	processing begun of mesh:  Cube.095
		processing begun of material:  Fish fin
		registered as also a user of material:  Fish fin
		num positions      :  29
		num normals        :  29
		num tangents       :  0
		num uvs            :  58
		num uvs2           :  0
		num colors         :  0
		num triangles      :  12
	processing begun of mesh:  Sphere.002
		processing begun of material:  Fish eye
		registered as also a user of material:  Fish eye
		num positions      :  99
		num normals        :  99
		num tangents       :  0
		num uvs            :  198
		num uvs2           :  0
		num colors         :  0
		num triangles      :  36
	processing begun of mesh:  Sphere.003
		processing begun of material:  Fish eye
		registered as also a user of material:  Fish eye
		num positions      :  99
		num normals        :  99
		num tangents       :  0
		num uvs            :  198
		num uvs2           :  0
		num colors         :  0
		num triangles      :  36
	processing begun of light (DIRECTIONAL):  Sun
	processing begun of light (DIRECTIONAL):  Sun.001
	processing begun of light (DIRECTIONAL):  Sun.002
========= Writing of JSON file started =========
	writing mesh:  Cube
	writing mesh:  Cube.001
	writing mesh:  Cube.003
	writing mesh:  Cube.004
	writing mesh:  Cube.005
	writing mesh:  Cube.002
	writing mesh:  Cube.006
	writing mesh:  Cube.007
	writing mesh:  Cube.008
	writing mesh:  Cube.009
	writing mesh:  Cube.010
	writing mesh:  Cube.011
	writing mesh:  Cube.012
	writing mesh:  Cube.013
	writing mesh:  Cube.014
	writing mesh:  Cube.015
	writing mesh:  Cube.016
	writing mesh:  Cube.017
	writing mesh:  Cube.018
	writing mesh:  Cube.019
	writing mesh:  Cylinder.001
	writing mesh:  Cylinder.002
	writing mesh:  Cube.021
	writing mesh:  Cube.022
	writing mesh:  Cube.023
	writing mesh:  Cube.024
	writing mesh:  Cube.025
	writing mesh:  Cube.026
	writing mesh:  Cube.027
	writing mesh:  Cube.028
	writing mesh:  Cube.029
	writing mesh:  Cube.030
	writing mesh:  Cube.031
	writing mesh:  Cube.032
	writing mesh:  Cube.033
	writing mesh:  Cube.034
	writing mesh:  Cube.035
	writing mesh:  Cube.036
	writing mesh:  Cube.037
	writing mesh:  Cube.038
	writing mesh:  Cube.039
	writing mesh:  Cube.040
	writing mesh:  Cylinder.003
	writing mesh:  Cube.041
	writing mesh:  Cube.042
	writing mesh:  Cube.043
	writing mesh:  Cube.044
	writing mesh:  Cube.045
	writing mesh:  Cube.046
	writing mesh:  Cube.047
	writing mesh:  Cube.048
	writing mesh:  Cube.049
	writing mesh:  Cube.050
	writing mesh:  Cube.051
	writing mesh:  Cube.052
	writing mesh:  Cube.053
	writing mesh:  Cube.054
	writing mesh:  Cube.055
	writing mesh:  Cube.056
	writing mesh:  Cube.057
	writing mesh:  Cube.058
	writing mesh:  Cube.059
	writing mesh:  Cube.060
	writing mesh:  Cylinder.006
	writing mesh:  Cube.061
	writing mesh:  Cube.062
	writing mesh:  Cube.063
	writing mesh:  Cube.064
	writing mesh:  Cube.065
	writing mesh:  Cube.066
	writing mesh:  Cube.067
	writing mesh:  Cube.068
	writing mesh:  Cube.069
	writing mesh:  Cube.070
	writing mesh:  Cube.071
	writing mesh:  Cube.072
	writing mesh:  Cube.073
	writing mesh:  Cube.074
	writing mesh:  Cube.075
	writing mesh:  Cube.076
	writing mesh:  Cube.077
	writing mesh:  Cube.078
	writing mesh:  Cube.079
	writing mesh:  Cube.080
	writing mesh:  Cylinder.008
	writing mesh:  Cube.081
	writing mesh:  Cube.082
	writing mesh:  Cube.083
	writing mesh:  Cube.084
	writing mesh:  Cylinder.004
	writing mesh:  Cylinder.005
	writing mesh:  Cylinder.007
	writing mesh:  Cylinder.011
	writing mesh:  Cylinder.012
	writing mesh:  Cylinder.013
	writing mesh:  Cylinder.014
	writing mesh:  Cylinder.015
	writing mesh:  Cylinder.016
	writing mesh:  Cylinder.017
	writing mesh:  Cylinder.018
	writing mesh:  Cylinder.019
	writing mesh:  Cylinder.020
	writing mesh:  Cylinder.021
	writing mesh:  Cylinder.022
	writing mesh:  Cylinder.023
	writing mesh:  Cylinder.024
	writing mesh:  water
	writing mesh:  water.001
	writing mesh:  Plane.083
	writing mesh:  Plane
	writing mesh:  Plane.001
	writing mesh:  Plane.002
	writing mesh:  Plane.003
	writing mesh:  Plane.004
	writing mesh:  Plane.005
	writing mesh:  Plane.006
	writing mesh:  Plane.007
	writing mesh:  Plane.008
	writing mesh:  Plane.009
	writing mesh:  Plane.010
	writing mesh:  Plane.011
	writing mesh:  Plane.012
	writing mesh:  Plane.013
	writing mesh:  Plane.014
	writing mesh:  Cylinder
	writing mesh:  Cylinder.009
	writing mesh:  Cube.085
	writing mesh:  Cube.086
	writing mesh:  Cube.087
	writing mesh:  Cube.088
	writing mesh:  Cylinder.010
	writing mesh:  Cylinder.025
	writing mesh:  sand
	writing mesh:  rock
	writing mesh:  Plane.015
	writing mesh:  Plane.016
	writing mesh:  Plane.017
	writing mesh:  Plane.018
	writing mesh:  Plane.019
	writing mesh:  Plane.020
	writing mesh:  Plane.021
	writing mesh:  Plane.022
	writing mesh:  Plane.023
	writing mesh:  Plane.024
	writing mesh:  Plane.025
	writing mesh:  Plane.026
	writing mesh:  Plane.027
	writing mesh:  Plane.028
	writing mesh:  Plane.029
	writing mesh:  Plane.030
	writing mesh:  Plane.031
	writing mesh:  Plane.032
	writing mesh:  Plane.033
	writing mesh:  Plane.034
	writing mesh:  Plane.035
	writing mesh:  Plane.036
	writing mesh:  Plane.037
	writing mesh:  Plane.038
	writing mesh:  Plane.039
	writing mesh:  Plane.040
	writing mesh:  Plane.041
	writing mesh:  Plane.042
	writing mesh:  Plane.043
	writing mesh:  Plane.044
	writing mesh:  Plane.045
	writing mesh:  Plane.046
	writing mesh:  Plane.047
	writing mesh:  Plane.048
	writing mesh:  Plane.049
	writing mesh:  Plane.050
	writing mesh:  Plane.051
	writing mesh:  Plane.052
	writing mesh:  Plane.053
	writing mesh:  Plane.054
	writing mesh:  Plane.055
	writing mesh:  Plane.056
	writing mesh:  Plane.057
	writing mesh:  Plane.058
	writing mesh:  Plane.059
	writing mesh:  Plane.060
	writing mesh:  Plane.061
	writing mesh:  Plane.062
	writing mesh:  Plane.063
	writing mesh:  Plane.064
	writing mesh:  Plane.065
	writing mesh:  Plane.066
	writing mesh:  Plane.067
	writing mesh:  Plane.068
	writing mesh:  Plane.069
	writing mesh:  Plane.070
	writing mesh:  Plane.071
	writing mesh:  Plane.072
	writing mesh:  Plane.073
	writing mesh:  Plane.074
	writing mesh:  Plane.075
	writing mesh:  Plane.076
	writing mesh:  Plane.077
	writing mesh:  Plane.078
	writing mesh:  Plane.079
	writing mesh:  Plane.080
	writing mesh:  Plane.081
	writing mesh:  Plane.082
	writing mesh:  Icosphere
	writing mesh:  Icosphere.001
	writing mesh:  Icosphere.002
	writing mesh:  Icosphere.003
	writing mesh:  Icosphere.004
	writing mesh:  Icosphere.007
	writing mesh:  Icosphere.008
	writing mesh:  Icosphere.009
	writing mesh:  Icosphere.010
	writing mesh:  Icosphere.011
	writing mesh:  Icosphere.012
	writing mesh:  Icosphere.013
	writing mesh:  Icosphere.014
	writing mesh:  Icosphere.015
	writing mesh:  Icosphere.016
	writing mesh:  Icosphere.017
	writing mesh:  Icosphere.018
	writing mesh:  Icosphere.019
	writing mesh:  Icosphere.020
	writing mesh:  Icosphere.021
	writing mesh:  Icosphere.022
	writing mesh:  Icosphere.023
	writing mesh:  Icosphere.024
	writing mesh:  Icosphere.025
	writing mesh:  Icosphere.026
	writing mesh:  Icosphere.027
	writing mesh:  Icosphere.028
	writing mesh:  Icosphere.029
	writing mesh:  Icosphere.030
	writing mesh:  Icosphere.031
	writing mesh:  Icosphere.032
	writing mesh:  Cube.020
	writing mesh:  Cube.089
	writing mesh:  Cube.090
	writing mesh:  Cube.091
	writing mesh:  Sphere
	writing mesh:  Sphere.001
	writing mesh:  Cube.092
	writing mesh:  Cube.093
	writing mesh:  Cube.094
	writing mesh:  Cube.095
	writing mesh:  Sphere.002
	writing mesh:  Sphere.003
========= Writing of JSON file completed =========
========= end of processing =========
elapsed time:  0 min, 3.9062 secs
